CRITICAL - 2024-06-19 02:00:41 --> ParseError: syntax error, unexpected token "}", expecting ";"
[Method: GET, Route: banner/1]
in APPPATH\Controllers\BannerApi.php on line 61.
 1 SYSTEMPATH\Autoloader\Autoloader.php(296): CodeIgniter\Autoloader\Autoloader->includeFile('C:\\xampp\\htdocs\\premanand_backend\\premanand_backend\\app\\Controllers\\BannerApi.php')
 2 SYSTEMPATH\Autoloader\Autoloader.php(272): CodeIgniter\Autoloader\Autoloader->loadInNamespace('App\\Controllers\\BannerApi')
 3 [internal function]: CodeIgniter\Autoloader\Autoloader->loadClass('App\\Controllers\\BannerApi')
 4 SYSTEMPATH\CodeIgniter.php(887): class_exists('\\App\\Controllers\\BannerApi', true)
 5 SYSTEMPATH\CodeIgniter.php(496): CodeIgniter\CodeIgniter->startController()
 6 SYSTEMPATH\CodeIgniter.php(355): CodeIgniter\CodeIgniter->handleRequest(null, Object(Config\Cache), false)
 7 SYSTEMPATH\Boot.php(325): CodeIgniter\CodeIgniter->run()
 8 SYSTEMPATH\Boot.php(67): CodeIgniter\Boot::runCodeIgniter(Object(CodeIgniter\CodeIgniter))
 9 FCPATH\index.php(56): CodeIgniter\Boot::bootWeb(Object(Config\Paths))
CRITICAL - 2024-06-19 02:01:28 --> ErrorException: Undefined array key "type"
[Method: GET, Route: banner/1]
in APPPATH\Controllers\BannerApi.php on line 67.
 1 APPPATH\Controllers\BannerApi.php(67): CodeIgniter\Debug\Exceptions->errorHandler(2, 'Undefined array key "type"', 'C:\\xampp\\htdocs\\premanand_backend\\premanand_backend\\app\\Controllers\\BannerApi.php', 67)
 2 SYSTEMPATH\CodeIgniter.php(933): App\Controllers\BannerApi->Getbanner('1')
 3 SYSTEMPATH\CodeIgniter.php(509): CodeIgniter\CodeIgniter->runController(Object(App\Controllers\BannerApi))
 4 SYSTEMPATH\CodeIgniter.php(355): CodeIgniter\CodeIgniter->handleRequest(null, Object(Config\Cache), false)
 5 SYSTEMPATH\Boot.php(325): CodeIgniter\CodeIgniter->run()
 6 SYSTEMPATH\Boot.php(67): CodeIgniter\Boot::runCodeIgniter(Object(CodeIgniter\CodeIgniter))
 7 FCPATH\index.php(56): CodeIgniter\Boot::bootWeb(Object(Config\Paths))
CRITICAL - 2024-06-19 02:01:57 --> ErrorException: Undefined array key "type"
[Method: GET, Route: banner/1]
in APPPATH\Controllers\BannerApi.php on line 59.
 1 APPPATH\Controllers\BannerApi.php(59): CodeIgniter\Debug\Exceptions->errorHandler(2, 'Undefined array key "type"', 'C:\\xampp\\htdocs\\premanand_backend\\premanand_backend\\app\\Controllers\\BannerApi.php', 59)
 2 SYSTEMPATH\CodeIgniter.php(933): App\Controllers\BannerApi->Getbanner('1')
 3 SYSTEMPATH\CodeIgniter.php(509): CodeIgniter\CodeIgniter->runController(Object(App\Controllers\BannerApi))
 4 SYSTEMPATH\CodeIgniter.php(355): CodeIgniter\CodeIgniter->handleRequest(null, Object(Config\Cache), false)
 5 SYSTEMPATH\Boot.php(325): CodeIgniter\CodeIgniter->run()
 6 SYSTEMPATH\Boot.php(67): CodeIgniter\Boot::runCodeIgniter(Object(CodeIgniter\CodeIgniter))
 7 FCPATH\index.php(56): CodeIgniter\Boot::bootWeb(Object(Config\Paths))
CRITICAL - 2024-06-19 02:02:05 --> ErrorException: Undefined array key "type"
[Method: GET, Route: banner/1]
in APPPATH\Controllers\BannerApi.php on line 59.
 1 APPPATH\Controllers\BannerApi.php(59): CodeIgniter\Debug\Exceptions->errorHandler(2, 'Undefined array key "type"', 'C:\\xampp\\htdocs\\premanand_backend\\premanand_backend\\app\\Controllers\\BannerApi.php', 59)
 2 SYSTEMPATH\CodeIgniter.php(933): App\Controllers\BannerApi->Getbanner('1')
 3 SYSTEMPATH\CodeIgniter.php(509): CodeIgniter\CodeIgniter->runController(Object(App\Controllers\BannerApi))
 4 SYSTEMPATH\CodeIgniter.php(355): CodeIgniter\CodeIgniter->handleRequest(null, Object(Config\Cache), false)
 5 SYSTEMPATH\Boot.php(325): CodeIgniter\CodeIgniter->run()
 6 SYSTEMPATH\Boot.php(67): CodeIgniter\Boot::runCodeIgniter(Object(CodeIgniter\CodeIgniter))
 7 FCPATH\index.php(56): CodeIgniter\Boot::bootWeb(Object(Config\Paths))
CRITICAL - 2024-06-19 02:02:44 --> ParseError: syntax error, unexpected token "}"
[Method: GET, Route: banner/1]
in APPPATH\Controllers\BannerApi.php on line 50.
 1 SYSTEMPATH\Autoloader\Autoloader.php(296): CodeIgniter\Autoloader\Autoloader->includeFile('C:\\xampp\\htdocs\\premanand_backend\\premanand_backend\\app\\Controllers\\BannerApi.php')
 2 SYSTEMPATH\Autoloader\Autoloader.php(272): CodeIgniter\Autoloader\Autoloader->loadInNamespace('App\\Controllers\\BannerApi')
 3 [internal function]: CodeIgniter\Autoloader\Autoloader->loadClass('App\\Controllers\\BannerApi')
 4 SYSTEMPATH\CodeIgniter.php(887): class_exists('\\App\\Controllers\\BannerApi', true)
 5 SYSTEMPATH\CodeIgniter.php(496): CodeIgniter\CodeIgniter->startController()
 6 SYSTEMPATH\CodeIgniter.php(355): CodeIgniter\CodeIgniter->handleRequest(null, Object(Config\Cache), false)
 7 SYSTEMPATH\Boot.php(325): CodeIgniter\CodeIgniter->run()
 8 SYSTEMPATH\Boot.php(67): CodeIgniter\Boot::runCodeIgniter(Object(CodeIgniter\CodeIgniter))
 9 FCPATH\index.php(56): CodeIgniter\Boot::bootWeb(Object(Config\Paths))
CRITICAL - 2024-06-19 02:03:16 --> ErrorException: Undefined array key "type"
[Method: GET, Route: banner/1]
in APPPATH\Controllers\BannerApi.php on line 59.
 1 APPPATH\Controllers\BannerApi.php(59): CodeIgniter\Debug\Exceptions->errorHandler(2, 'Undefined array key "type"', 'C:\\xampp\\htdocs\\premanand_backend\\premanand_backend\\app\\Controllers\\BannerApi.php', 59)
 2 SYSTEMPATH\CodeIgniter.php(933): App\Controllers\BannerApi->Getbanner('1')
 3 SYSTEMPATH\CodeIgniter.php(509): CodeIgniter\CodeIgniter->runController(Object(App\Controllers\BannerApi))
 4 SYSTEMPATH\CodeIgniter.php(355): CodeIgniter\CodeIgniter->handleRequest(null, Object(Config\Cache), false)
 5 SYSTEMPATH\Boot.php(325): CodeIgniter\CodeIgniter->run()
 6 SYSTEMPATH\Boot.php(67): CodeIgniter\Boot::runCodeIgniter(Object(CodeIgniter\CodeIgniter))
 7 FCPATH\index.php(56): CodeIgniter\Boot::bootWeb(Object(Config\Paths))
CRITICAL - 2024-06-19 02:05:18 --> ErrorException: Array to string conversion
[Method: GET, Route: banner/1]
in APPPATH\Controllers\BannerApi.php on line 55.
 1 APPPATH\Controllers\BannerApi.php(55): CodeIgniter\Debug\Exceptions->errorHandler(2, 'Array to string conversion', 'C:\\xampp\\htdocs\\premanand_backend\\premanand_backend\\app\\Controllers\\BannerApi.php', 55)
 2 SYSTEMPATH\CodeIgniter.php(933): App\Controllers\BannerApi->Getbanner('1')
 3 SYSTEMPATH\CodeIgniter.php(509): CodeIgniter\CodeIgniter->runController(Object(App\Controllers\BannerApi))
 4 SYSTEMPATH\CodeIgniter.php(355): CodeIgniter\CodeIgniter->handleRequest(null, Object(Config\Cache), false)
 5 SYSTEMPATH\Boot.php(325): CodeIgniter\CodeIgniter->run()
 6 SYSTEMPATH\Boot.php(67): CodeIgniter\Boot::runCodeIgniter(Object(CodeIgniter\CodeIgniter))
 7 FCPATH\index.php(56): CodeIgniter\Boot::bootWeb(Object(Config\Paths))
CRITICAL - 2024-06-19 02:05:18 --> ErrorException: Array to string conversion
[Method: GET, Route: banner/1]
in APPPATH\Controllers\BannerApi.php on line 55.
 1 APPPATH\Controllers\BannerApi.php(55): CodeIgniter\Debug\Exceptions->errorHandler(2, 'Array to string conversion', 'C:\\xampp\\htdocs\\premanand_backend\\premanand_backend\\app\\Controllers\\BannerApi.php', 55)
 2 SYSTEMPATH\CodeIgniter.php(933): App\Controllers\BannerApi->Getbanner('1')
 3 SYSTEMPATH\CodeIgniter.php(509): CodeIgniter\CodeIgniter->runController(Object(App\Controllers\BannerApi))
 4 SYSTEMPATH\CodeIgniter.php(355): CodeIgniter\CodeIgniter->handleRequest(null, Object(Config\Cache), false)
 5 SYSTEMPATH\Boot.php(325): CodeIgniter\CodeIgniter->run()
 6 SYSTEMPATH\Boot.php(67): CodeIgniter\Boot::runCodeIgniter(Object(CodeIgniter\CodeIgniter))
 7 FCPATH\index.php(56): CodeIgniter\Boot::bootWeb(Object(Config\Paths))
CRITICAL - 2024-06-19 02:05:58 --> ParseError: syntax error, unexpected token "}"
[Method: GET, Route: banner/1]
in APPPATH\Controllers\BannerApi.php on line 65.
 1 SYSTEMPATH\Autoloader\Autoloader.php(296): CodeIgniter\Autoloader\Autoloader->includeFile('C:\\xampp\\htdocs\\premanand_backend\\premanand_backend\\app\\Controllers\\BannerApi.php')
 2 SYSTEMPATH\Autoloader\Autoloader.php(272): CodeIgniter\Autoloader\Autoloader->loadInNamespace('App\\Controllers\\BannerApi')
 3 [internal function]: CodeIgniter\Autoloader\Autoloader->loadClass('App\\Controllers\\BannerApi')
 4 SYSTEMPATH\CodeIgniter.php(887): class_exists('\\App\\Controllers\\BannerApi', true)
 5 SYSTEMPATH\CodeIgniter.php(496): CodeIgniter\CodeIgniter->startController()
 6 SYSTEMPATH\CodeIgniter.php(355): CodeIgniter\CodeIgniter->handleRequest(null, Object(Config\Cache), false)
 7 SYSTEMPATH\Boot.php(325): CodeIgniter\CodeIgniter->run()
 8 SYSTEMPATH\Boot.php(67): CodeIgniter\Boot::runCodeIgniter(Object(CodeIgniter\CodeIgniter))
 9 FCPATH\index.php(56): CodeIgniter\Boot::bootWeb(Object(Config\Paths))
CRITICAL - 2024-06-19 02:29:10 --> ErrorException: Array to string conversion
[Method: GET, Route: banner/1]
in APPPATH\Controllers\BannerApi.php on line 57.
 1 APPPATH\Controllers\BannerApi.php(57): CodeIgniter\Debug\Exceptions->errorHandler(2, 'Array to string conversion', 'C:\\xampp\\htdocs\\premanand_backend\\premanand_backend\\app\\Controllers\\BannerApi.php', 57)
 2 SYSTEMPATH\CodeIgniter.php(933): App\Controllers\BannerApi->Getbanner('1')
 3 SYSTEMPATH\CodeIgniter.php(509): CodeIgniter\CodeIgniter->runController(Object(App\Controllers\BannerApi))
 4 SYSTEMPATH\CodeIgniter.php(355): CodeIgniter\CodeIgniter->handleRequest(null, Object(Config\Cache), false)
 5 SYSTEMPATH\Boot.php(325): CodeIgniter\CodeIgniter->run()
 6 SYSTEMPATH\Boot.php(67): CodeIgniter\Boot::runCodeIgniter(Object(CodeIgniter\CodeIgniter))
 7 FCPATH\index.php(56): CodeIgniter\Boot::bootWeb(Object(Config\Paths))
CRITICAL - 2024-06-19 02:29:21 --> ErrorException: Array to string conversion
[Method: GET, Route: banner/1]
in APPPATH\Controllers\BannerApi.php on line 57.
 1 APPPATH\Controllers\BannerApi.php(57): CodeIgniter\Debug\Exceptions->errorHandler(2, 'Array to string conversion', 'C:\\xampp\\htdocs\\premanand_backend\\premanand_backend\\app\\Controllers\\BannerApi.php', 57)
 2 SYSTEMPATH\CodeIgniter.php(933): App\Controllers\BannerApi->Getbanner('1')
 3 SYSTEMPATH\CodeIgniter.php(509): CodeIgniter\CodeIgniter->runController(Object(App\Controllers\BannerApi))
 4 SYSTEMPATH\CodeIgniter.php(355): CodeIgniter\CodeIgniter->handleRequest(null, Object(Config\Cache), false)
 5 SYSTEMPATH\Boot.php(325): CodeIgniter\CodeIgniter->run()
 6 SYSTEMPATH\Boot.php(67): CodeIgniter\Boot::runCodeIgniter(Object(CodeIgniter\CodeIgniter))
 7 FCPATH\index.php(56): CodeIgniter\Boot::bootWeb(Object(Config\Paths))
CRITICAL - 2024-06-19 02:29:23 --> ErrorException: Array to string conversion
[Method: GET, Route: banner/1]
in APPPATH\Controllers\BannerApi.php on line 57.
 1 APPPATH\Controllers\BannerApi.php(57): CodeIgniter\Debug\Exceptions->errorHandler(2, 'Array to string conversion', 'C:\\xampp\\htdocs\\premanand_backend\\premanand_backend\\app\\Controllers\\BannerApi.php', 57)
 2 SYSTEMPATH\CodeIgniter.php(933): App\Controllers\BannerApi->Getbanner('1')
 3 SYSTEMPATH\CodeIgniter.php(509): CodeIgniter\CodeIgniter->runController(Object(App\Controllers\BannerApi))
 4 SYSTEMPATH\CodeIgniter.php(355): CodeIgniter\CodeIgniter->handleRequest(null, Object(Config\Cache), false)
 5 SYSTEMPATH\Boot.php(325): CodeIgniter\CodeIgniter->run()
 6 SYSTEMPATH\Boot.php(67): CodeIgniter\Boot::runCodeIgniter(Object(CodeIgniter\CodeIgniter))
 7 FCPATH\index.php(56): CodeIgniter\Boot::bootWeb(Object(Config\Paths))
CRITICAL - 2024-06-19 02:29:49 --> ErrorException: Array to string conversion
[Method: GET, Route: banner/1]
in APPPATH\Controllers\BannerApi.php on line 55.
 1 APPPATH\Controllers\BannerApi.php(55): CodeIgniter\Debug\Exceptions->errorHandler(2, 'Array to string conversion', 'C:\\xampp\\htdocs\\premanand_backend\\premanand_backend\\app\\Controllers\\BannerApi.php', 55)
 2 SYSTEMPATH\CodeIgniter.php(933): App\Controllers\BannerApi->Getbanner('1')
 3 SYSTEMPATH\CodeIgniter.php(509): CodeIgniter\CodeIgniter->runController(Object(App\Controllers\BannerApi))
 4 SYSTEMPATH\CodeIgniter.php(355): CodeIgniter\CodeIgniter->handleRequest(null, Object(Config\Cache), false)
 5 SYSTEMPATH\Boot.php(325): CodeIgniter\CodeIgniter->run()
 6 SYSTEMPATH\Boot.php(67): CodeIgniter\Boot::runCodeIgniter(Object(CodeIgniter\CodeIgniter))
 7 FCPATH\index.php(56): CodeIgniter\Boot::bootWeb(Object(Config\Paths))
CRITICAL - 2024-06-19 02:30:25 --> ErrorException: Array to string conversion
[Method: GET, Route: banner/1]
in APPPATH\Controllers\BannerApi.php on line 56.
 1 APPPATH\Controllers\BannerApi.php(56): CodeIgniter\Debug\Exceptions->errorHandler(2, 'Array to string conversion', 'C:\\xampp\\htdocs\\premanand_backend\\premanand_backend\\app\\Controllers\\BannerApi.php', 56)
 2 SYSTEMPATH\CodeIgniter.php(933): App\Controllers\BannerApi->Getbanner('1')
 3 SYSTEMPATH\CodeIgniter.php(509): CodeIgniter\CodeIgniter->runController(Object(App\Controllers\BannerApi))
 4 SYSTEMPATH\CodeIgniter.php(355): CodeIgniter\CodeIgniter->handleRequest(null, Object(Config\Cache), false)
 5 SYSTEMPATH\Boot.php(325): CodeIgniter\CodeIgniter->run()
 6 SYSTEMPATH\Boot.php(67): CodeIgniter\Boot::runCodeIgniter(Object(CodeIgniter\CodeIgniter))
 7 FCPATH\index.php(56): CodeIgniter\Boot::bootWeb(Object(Config\Paths))
CRITICAL - 2024-06-19 02:31:53 --> ErrorException: Undefined array key "type"
[Method: GET, Route: banner/1]
in APPPATH\Controllers\BannerApi.php on line 61.
 1 APPPATH\Controllers\BannerApi.php(61): CodeIgniter\Debug\Exceptions->errorHandler(2, 'Undefined array key "type"', 'C:\\xampp\\htdocs\\premanand_backend\\premanand_backend\\app\\Controllers\\BannerApi.php', 61)
 2 SYSTEMPATH\CodeIgniter.php(933): App\Controllers\BannerApi->Getbanner('1')
 3 SYSTEMPATH\CodeIgniter.php(509): CodeIgniter\CodeIgniter->runController(Object(App\Controllers\BannerApi))
 4 SYSTEMPATH\CodeIgniter.php(355): CodeIgniter\CodeIgniter->handleRequest(null, Object(Config\Cache), false)
 5 SYSTEMPATH\Boot.php(325): CodeIgniter\CodeIgniter->run()
 6 SYSTEMPATH\Boot.php(67): CodeIgniter\Boot::runCodeIgniter(Object(CodeIgniter\CodeIgniter))
 7 FCPATH\index.php(56): CodeIgniter\Boot::bootWeb(Object(Config\Paths))
CRITICAL - 2024-06-19 02:37:02 --> ErrorException: Undefined array key "type"
[Method: GET, Route: banner/1]
in APPPATH\Controllers\BannerApi.php on line 62.
 1 APPPATH\Controllers\BannerApi.php(62): CodeIgniter\Debug\Exceptions->errorHandler(2, 'Undefined array key "type"', 'C:\\xampp\\htdocs\\premanand_backend\\premanand_backend\\app\\Controllers\\BannerApi.php', 62)
 2 SYSTEMPATH\CodeIgniter.php(933): App\Controllers\BannerApi->Getbanner('1')
 3 SYSTEMPATH\CodeIgniter.php(509): CodeIgniter\CodeIgniter->runController(Object(App\Controllers\BannerApi))
 4 SYSTEMPATH\CodeIgniter.php(355): CodeIgniter\CodeIgniter->handleRequest(null, Object(Config\Cache), false)
 5 SYSTEMPATH\Boot.php(325): CodeIgniter\CodeIgniter->run()
 6 SYSTEMPATH\Boot.php(67): CodeIgniter\Boot::runCodeIgniter(Object(CodeIgniter\CodeIgniter))
 7 FCPATH\index.php(56): CodeIgniter\Boot::bootWeb(Object(Config\Paths))
CRITICAL - 2024-06-19 02:38:22 --> ErrorException: Undefined array key 0
[Method: GET, Route: banner/1]
in APPPATH\Controllers\BannerApi.php on line 62.
 1 APPPATH\Controllers\BannerApi.php(62): CodeIgniter\Debug\Exceptions->errorHandler(2, 'Undefined array key 0', 'C:\\xampp\\htdocs\\premanand_backend\\premanand_backend\\app\\Controllers\\BannerApi.php', 62)
 2 SYSTEMPATH\CodeIgniter.php(933): App\Controllers\BannerApi->Getbanner('1')
 3 SYSTEMPATH\CodeIgniter.php(509): CodeIgniter\CodeIgniter->runController(Object(App\Controllers\BannerApi))
 4 SYSTEMPATH\CodeIgniter.php(355): CodeIgniter\CodeIgniter->handleRequest(null, Object(Config\Cache), false)
 5 SYSTEMPATH\Boot.php(325): CodeIgniter\CodeIgniter->run()
 6 SYSTEMPATH\Boot.php(67): CodeIgniter\Boot::runCodeIgniter(Object(CodeIgniter\CodeIgniter))
 7 FCPATH\index.php(56): CodeIgniter\Boot::bootWeb(Object(Config\Paths))
CRITICAL - 2024-06-19 02:38:40 --> ErrorException: Undefined array key "type"
[Method: GET, Route: banner/1]
in APPPATH\Controllers\BannerApi.php on line 62.
 1 APPPATH\Controllers\BannerApi.php(62): CodeIgniter\Debug\Exceptions->errorHandler(2, 'Undefined array key "type"', 'C:\\xampp\\htdocs\\premanand_backend\\premanand_backend\\app\\Controllers\\BannerApi.php', 62)
 2 SYSTEMPATH\CodeIgniter.php(933): App\Controllers\BannerApi->Getbanner('1')
 3 SYSTEMPATH\CodeIgniter.php(509): CodeIgniter\CodeIgniter->runController(Object(App\Controllers\BannerApi))
 4 SYSTEMPATH\CodeIgniter.php(355): CodeIgniter\CodeIgniter->handleRequest(null, Object(Config\Cache), false)
 5 SYSTEMPATH\Boot.php(325): CodeIgniter\CodeIgniter->run()
 6 SYSTEMPATH\Boot.php(67): CodeIgniter\Boot::runCodeIgniter(Object(CodeIgniter\CodeIgniter))
 7 FCPATH\index.php(56): CodeIgniter\Boot::bootWeb(Object(Config\Paths))
CRITICAL - 2024-06-19 02:38:50 --> ErrorException: Undefined array key "type"
[Method: GET, Route: banner/1]
in APPPATH\Controllers\BannerApi.php on line 62.
 1 APPPATH\Controllers\BannerApi.php(62): CodeIgniter\Debug\Exceptions->errorHandler(2, 'Undefined array key "type"', 'C:\\xampp\\htdocs\\premanand_backend\\premanand_backend\\app\\Controllers\\BannerApi.php', 62)
 2 SYSTEMPATH\CodeIgniter.php(933): App\Controllers\BannerApi->Getbanner('1')
 3 SYSTEMPATH\CodeIgniter.php(509): CodeIgniter\CodeIgniter->runController(Object(App\Controllers\BannerApi))
 4 SYSTEMPATH\CodeIgniter.php(355): CodeIgniter\CodeIgniter->handleRequest(null, Object(Config\Cache), false)
 5 SYSTEMPATH\Boot.php(325): CodeIgniter\CodeIgniter->run()
 6 SYSTEMPATH\Boot.php(67): CodeIgniter\Boot::runCodeIgniter(Object(CodeIgniter\CodeIgniter))
 7 FCPATH\index.php(56): CodeIgniter\Boot::bootWeb(Object(Config\Paths))
CRITICAL - 2024-06-19 03:05:51 --> Error: Call to undefined method App\Controllers\BannerApi::decrypt_image()
[Method: GET, Route: banner/1]
in APPPATH\Controllers\BannerApi.php on line 67.
 1 SYSTEMPATH\CodeIgniter.php(933): App\Controllers\BannerApi->Getbanner('1')
 2 SYSTEMPATH\CodeIgniter.php(509): CodeIgniter\CodeIgniter->runController(Object(App\Controllers\BannerApi))
 3 SYSTEMPATH\CodeIgniter.php(355): CodeIgniter\CodeIgniter->handleRequest(null, Object(Config\Cache), false)
 4 SYSTEMPATH\Boot.php(325): CodeIgniter\CodeIgniter->run()
 5 SYSTEMPATH\Boot.php(67): CodeIgniter\Boot::runCodeIgniter(Object(CodeIgniter\CodeIgniter))
 6 FCPATH\index.php(56): CodeIgniter\Boot::bootWeb(Object(Config\Paths))
CRITICAL - 2024-06-19 03:07:27 --> ParseError: syntax error, unexpected token "}", expecting "," or ";"
[Method: GET, Route: banner/1]
in APPPATH\Controllers\BannerApi.php on line 74.
 1 SYSTEMPATH\Autoloader\Autoloader.php(296): CodeIgniter\Autoloader\Autoloader->includeFile('C:\\xampp\\htdocs\\premanand_backend\\premanand_backend\\app\\Controllers\\BannerApi.php')
 2 SYSTEMPATH\Autoloader\Autoloader.php(272): CodeIgniter\Autoloader\Autoloader->loadInNamespace('App\\Controllers\\BannerApi')
 3 [internal function]: CodeIgniter\Autoloader\Autoloader->loadClass('App\\Controllers\\BannerApi')
 4 SYSTEMPATH\CodeIgniter.php(887): class_exists('\\App\\Controllers\\BannerApi', true)
 5 SYSTEMPATH\CodeIgniter.php(496): CodeIgniter\CodeIgniter->startController()
 6 SYSTEMPATH\CodeIgniter.php(355): CodeIgniter\CodeIgniter->handleRequest(null, Object(Config\Cache), false)
 7 SYSTEMPATH\Boot.php(325): CodeIgniter\CodeIgniter->run()
 8 SYSTEMPATH\Boot.php(67): CodeIgniter\Boot::runCodeIgniter(Object(CodeIgniter\CodeIgniter))
 9 FCPATH\index.php(56): CodeIgniter\Boot::bootWeb(Object(Config\Paths))
CRITICAL - 2024-06-19 03:07:29 --> ParseError: syntax error, unexpected token "}", expecting "," or ";"
[Method: GET, Route: banner/1]
in APPPATH\Controllers\BannerApi.php on line 74.
 1 SYSTEMPATH\Autoloader\Autoloader.php(296): CodeIgniter\Autoloader\Autoloader->includeFile('C:\\xampp\\htdocs\\premanand_backend\\premanand_backend\\app\\Controllers\\BannerApi.php')
 2 SYSTEMPATH\Autoloader\Autoloader.php(272): CodeIgniter\Autoloader\Autoloader->loadInNamespace('App\\Controllers\\BannerApi')
 3 [internal function]: CodeIgniter\Autoloader\Autoloader->loadClass('App\\Controllers\\BannerApi')
 4 SYSTEMPATH\CodeIgniter.php(887): class_exists('\\App\\Controllers\\BannerApi', true)
 5 SYSTEMPATH\CodeIgniter.php(496): CodeIgniter\CodeIgniter->startController()
 6 SYSTEMPATH\CodeIgniter.php(355): CodeIgniter\CodeIgniter->handleRequest(null, Object(Config\Cache), false)
 7 SYSTEMPATH\Boot.php(325): CodeIgniter\CodeIgniter->run()
 8 SYSTEMPATH\Boot.php(67): CodeIgniter\Boot::runCodeIgniter(Object(CodeIgniter\CodeIgniter))
 9 FCPATH\index.php(56): CodeIgniter\Boot::bootWeb(Object(Config\Paths))
ERROR - 2024-06-19 03:07:35 --> Error fetching image: Array to string conversion
